<?xml version="1.0" encoding="utf-8"?><testsuites name="pytest tests"><testsuite name="pytest" errors="0" failures="0" skipped="0" tests="23" time="31.453" timestamp="2026-07-28T15:17:17.712642+00:00" hostname="agent-env-081a5490-35bc-4558-8435-e44515184cff"><testcase classname="tests.backend_test" name="test_health" time="0.320" /><testcase classname="tests.backend_test" name="test_admin_verify_wrong_token" time="0.240" /><testcase classname="tests.backend_test" name="test_admin_verify_no_token" time="0.175" /><testcase classname="tests.backend_test" name="test_admin_verify_correct_token" time="0.181" /><testcase classname="tests.backend_test" name="test_contact_post_valid" time="5.565" /><testcase classname="tests.backend_test" name="test_contact_post_missing_email" time="0.343" /><testcase classname="tests.backend_test" name="test_contact_post_invalid_email" time="0.309" /><testcase classname="tests.backend_test" name="test_contact_list_without_token" time="0.257" /><testcase classname="tests.backend_test" name="test_contact_list_wrong_token" time="0.225" /><testcase classname="tests.backend_test" name="test_contact_list_admin" time="0.244" /><testcase classname="tests.backend_test" name="test_news_create_requires_admin" time="0.270" /><testcase classname="tests.backend_test" name="test_news_update_requires_admin" time="0.776" /><testcase classname="tests.backend_test" name="test_news_delete_requires_admin" time="0.698" /><testcase classname="tests.backend_test" name="test_news_full_crud_flow" time="2.076" /><testcase classname="tests.backend_test" name="test_news_language_filter" time="1.530" /><testcase classname="tests.backend_test" name="test_locations_create_requires_admin" time="0.240" /><testcase classname="tests.backend_test" name="test_locations_public_list_ok" time="0.242" /><testcase classname="tests.backend_test" name="test_locations_lat_out_of_range" time="0.236" /><testcase classname="tests.backend_test" name="test_locations_lng_out_of_range" time="0.237" /><testcase classname="tests.backend_test" name="test_locations_full_crud_flow" time="1.799" /><testcase classname="tests.backend_test" name="test_locations_delete_requires_admin" time="0.576" /><testcase classname="tests.backend_test" name="test_contact_list_sorted_desc" time="10.897" /><testcase classname="tests.backend_test" name="test_news_published_filter" time="0.748" /></testsuite></testsuites>