<?xml version="1.0" encoding="utf-8"?><testsuites name="pytest tests"><testsuite name="pytest" errors="0" failures="0" skipped="0" tests="23" time="26.797" timestamp="2026-07-28T16:01:17.029494+00:00" hostname="agent-env-081a5490-35bc-4558-8435-e44515184cff"><testcase classname="tests.backend_test" name="test_health" time="0.488" /><testcase classname="tests.backend_test" name="test_admin_verify_wrong_token" time="0.227" /><testcase classname="tests.backend_test" name="test_admin_verify_no_token" time="0.264" /><testcase classname="tests.backend_test" name="test_admin_verify_correct_token" time="0.196" /><testcase classname="tests.backend_test" name="test_contact_post_valid" time="4.450" /><testcase classname="tests.backend_test" name="test_contact_post_missing_email" time="0.274" /><testcase classname="tests.backend_test" name="test_contact_post_invalid_email" time="0.376" /><testcase classname="tests.backend_test" name="test_contact_list_without_token" time="0.186" /><testcase classname="tests.backend_test" name="test_contact_list_wrong_token" time="0.254" /><testcase classname="tests.backend_test" name="test_contact_list_admin" time="0.178" /><testcase classname="tests.backend_test" name="test_news_create_requires_admin" time="0.217" /><testcase classname="tests.backend_test" name="test_news_update_requires_admin" time="0.585" /><testcase classname="tests.backend_test" name="test_news_delete_requires_admin" time="0.591" /><testcase classname="tests.backend_test" name="test_news_full_crud_flow" time="1.614" /><testcase classname="tests.backend_test" name="test_news_language_filter" time="1.212" /><testcase classname="tests.backend_test" name="test_locations_create_requires_admin" time="0.185" /><testcase classname="tests.backend_test" name="test_locations_public_list_ok" time="0.195" /><testcase classname="tests.backend_test" name="test_locations_lat_out_of_range" time="0.198" /><testcase classname="tests.backend_test" name="test_locations_lng_out_of_range" time="0.202" /><testcase classname="tests.backend_test" name="test_locations_full_crud_flow" time="1.358" /><testcase classname="tests.backend_test" name="test_locations_delete_requires_admin" time="0.507" /><testcase classname="tests.backend_test" name="test_contact_list_sorted_desc" time="9.744" /><testcase classname="tests.backend_test" name="test_news_published_filter" time="0.724" /></testsuite></testsuites>